<?xml version="1.0" encoding="UTF-8"?>
<!-- Generated by org.testng.reporters.JUnitXMLReporter -->
<testsuite hostname="Hughes" ignored="0" name="Test" tests="6" failures="1" timestamp="2022-03-01T15:49:18 IST" time="0.123" errors="0">
  <testcase name="demo1" time="0.016" classname="com.testing_properties.Sample_IRetry_Analyzer"/>
  <testcase name="demo2" time="0.003" classname="com.testing_properties.Sample_IRetry_Analyzer">
    <skipped/>
  </testcase> <!-- demo2 -->
  <testcase name="demo2" time="0.0" classname="com.testing_properties.Sample_IRetry_Analyzer">
    <skipped/>
  </testcase> <!-- demo2 -->
  <testcase name="demo2" time="0.002" classname="com.testing_properties.Sample_IRetry_Analyzer">
    <skipped/>
  </testcase> <!-- demo2 -->
  <testcase name="demo2" time="0.003" classname="com.testing_properties.Sample_IRetry_Analyzer">
    <skipped/>
  </testcase> <!-- demo2 -->
  <testcase name="demo2" time="0.002" classname="com.testing_properties.Sample_IRetry_Analyzer">
    <failure type="java.lang.AssertionError" message="expected:&amp;lt;10&amp;gt; but was:&amp;lt;5&amp;gt;">
      <![CDATA[java.lang.AssertionError: expected:<10> but was:<5>
at org.junit.Assert.fail(Assert.java:88)
at org.junit.Assert.failNotEquals(Assert.java:834)
at org.junit.Assert.assertEquals(Assert.java:645)
at org.junit.Assert.assertEquals(Assert.java:631)
at com.testing_properties.Sample_IRetry_Analyzer.demo2(Sample_IRetry_Analyzer.java:23)
at java.util.ArrayList.forEach(Unknown Source)
... Removed 27 stack frames]]>
    </failure>
  </testcase> <!-- demo2 -->
</testsuite> <!-- Test -->
